<?xml version="1.0" encoding="UTF-8"?>
<testng-results ignored="0" total="5" passed="4" failed="1" skipped="0">
  <reporter-output>
  </reporter-output>
  <suite started-at="2021-05-16T08:53:54 IST" name="Suite" finished-at="2021-05-16T08:55:36 IST" duration-ms="102320">
    <groups>
    </groups>
    <test started-at="2021-05-16T08:53:54 IST" name="Test1" finished-at="2021-05-16T08:54:47 IST" duration-ms="53424">
      <class name="Hemanth.verifyTitle">
        <test-method is-config="true" signature="intialize()[pri:0, instance:Hemanth.verifyTitle@486be205]" started-at="2021-05-16T08:53:54 IST" name="intialize" finished-at="2021-05-16T08:54:44 IST" duration-ms="50264" status="PASS">
          <reporter-output>
          </reporter-output>
        </test-method> <!-- intialize -->
        <test-method signature="title()[pri:0, instance:Hemanth.verifyTitle@486be205]" started-at="2021-05-16T08:54:44 IST" name="title" finished-at="2021-05-16T08:54:46 IST" duration-ms="1648" status="PASS">
          <reporter-output>
          </reporter-output>
        </test-method> <!-- title -->
        <test-method is-config="true" signature="closeBrowser()[pri:0, instance:Hemanth.verifyTitle@486be205]" started-at="2021-05-16T08:54:46 IST" name="closeBrowser" finished-at="2021-05-16T08:54:47 IST" duration-ms="1430" status="PASS">
          <reporter-output>
          </reporter-output>
        </test-method> <!-- closeBrowser -->
      </class> <!-- Hemanth.verifyTitle -->
    </test> <!-- Test1 -->
    <test started-at="2021-05-16T08:53:54 IST" name="Test2" finished-at="2021-05-16T08:54:51 IST" duration-ms="57501">
      <class name="Hemanth.verifyNAVBar">
        <test-method is-config="true" signature="intialize()[pri:0, instance:Hemanth.verifyNAVBar@1051817b]" started-at="2021-05-16T08:53:54 IST" name="intialize" finished-at="2021-05-16T08:54:46 IST" duration-ms="52001" status="PASS">
          <reporter-output>
          </reporter-output>
        </test-method> <!-- intialize -->
        <test-method signature="navBar()[pri:0, instance:Hemanth.verifyNAVBar@1051817b]" started-at="2021-05-16T08:54:46 IST" name="navBar" finished-at="2021-05-16T08:54:47 IST" duration-ms="750" status="PASS">
          <reporter-output>
          </reporter-output>
        </test-method> <!-- navBar -->
        <test-method is-config="true" signature="closeBrowser()[pri:0, instance:Hemanth.verifyNAVBar@1051817b]" started-at="2021-05-16T08:54:47 IST" name="closeBrowser" finished-at="2021-05-16T08:54:51 IST" duration-ms="4747" status="PASS">
          <reporter-output>
          </reporter-output>
        </test-method> <!-- closeBrowser -->
      </class> <!-- Hemanth.verifyNAVBar -->
    </test> <!-- Test2 -->
    <test started-at="2021-05-16T08:53:54 IST" name="Test3" finished-at="2021-05-16T08:54:51 IST" duration-ms="57549">
      <class name="Hemanth.verifyforgotPWD">
        <test-method is-config="true" signature="intialize()[pri:0, instance:Hemanth.verifyforgotPWD@4d411036]" started-at="2021-05-16T08:53:54 IST" name="intialize" finished-at="2021-05-16T08:54:44 IST" duration-ms="50104" status="PASS">
          <reporter-output>
          </reporter-output>
        </test-method> <!-- intialize -->
        <test-method signature="title()[pri:0, instance:Hemanth.verifyforgotPWD@4d411036]" started-at="2021-05-16T08:54:44 IST" name="title" finished-at="2021-05-16T08:54:50 IST" duration-ms="5851" status="PASS">
          <reporter-output>
          </reporter-output>
        </test-method> <!-- title -->
        <test-method is-config="true" signature="closeBrowser()[pri:0, instance:Hemanth.verifyforgotPWD@4d411036]" started-at="2021-05-16T08:54:50 IST" name="closeBrowser" finished-at="2021-05-16T08:54:51 IST" duration-ms="1587" status="PASS">
          <reporter-output>
          </reporter-output>
        </test-method> <!-- closeBrowser -->
      </class> <!-- Hemanth.verifyforgotPWD -->
    </test> <!-- Test3 -->
    <test started-at="2021-05-16T08:53:54 IST" name="Test" finished-at="2021-05-16T08:55:36 IST" duration-ms="102320">
      <class name="Hemanth.HomePage">
        <test-method is-config="true" signature="intialize()[pri:0, instance:Hemanth.HomePage@aa22f1c]" started-at="2021-05-16T08:53:54 IST" name="intialize" finished-at="2021-05-16T08:54:21 IST" duration-ms="26917" status="PASS">
          <reporter-output>
          </reporter-output>
        </test-method> <!-- intialize -->
        <test-method signature="basePageNavigation(java.lang.String,java.lang.String,java.lang.String)[pri:0, instance:Hemanth.HomePage@aa22f1c]" started-at="2021-05-16T08:54:21 IST" name="basePageNavigation" data-provider="getData" finished-at="2021-05-16T08:54:55 IST" duration-ms="33898" status="PASS">
          <params>
            <param index="0">
              <value>
                <![CDATA[hemanth@gmail.com]]>
              </value>
            </param>
            <param index="1">
              <value>
                <![CDATA[Hemanth]]>
              </value>
            </param>
            <param index="2">
              <value>
                <![CDATA[Hemanth]]>
              </value>
            </param>
          </params>
          <reporter-output>
          </reporter-output>
        </test-method> <!-- basePageNavigation -->
        <test-method signature="basePageNavigation(java.lang.String,java.lang.String,java.lang.String)[pri:0, instance:Hemanth.HomePage@aa22f1c]" started-at="2021-05-16T08:54:55 IST" name="basePageNavigation" data-provider="getData" finished-at="2021-05-16T08:55:35 IST" duration-ms="40198" status="FAIL">
          <params>
            <param index="0">
              <value>
                <![CDATA[ironman@gmail.com]]>
              </value>
            </param>
            <param index="1">
              <value>
                <![CDATA[ironman]]>
              </value>
            </param>
            <param index="2">
              <value>
                <![CDATA[ironman]]>
              </value>
            </param>
          </params>
          <exception class="org.openqa.selenium.NoSuchElementException">
            <message>
              <![CDATA[no such element: Unable to locate element: {"method":"xpath","selector":"//input[@id='user_email']"}
  (Session info: chrome=90.0.4430.93)
For documentation on this error, please visit: https://www.seleniumhq.org/exceptions/no_such_element.html
Build info: version: '3.141.59', revision: 'e82be7d358', time: '2018-11-14T08:17:03'
System info: host: 'DESKTOP-D1N0APU', ip: '192.168.139.217', os.name: 'Windows 10', os.arch: 'amd64', os.version: '10.0', java.version: '15.0.2'
Driver info: org.openqa.selenium.chrome.ChromeDriver
Capabilities {acceptInsecureCerts: false, browserName: chrome, browserVersion: 90.0.4430.93, chrome: {chromedriverVersion: 90.0.4430.24 (4c6d850f087da..., userDataDir: C:\Users\heman\AppData\Loca...}, goog:chromeOptions: {debuggerAddress: localhost:51093}, javascriptEnabled: true, networkConnectionEnabled: false, pageLoadStrategy: normal, platform: WINDOWS, platformName: WINDOWS, proxy: Proxy(), setWindowRect: true, strictFileInteractability: false, timeouts: {implicit: 0, pageLoad: 300000, script: 30000}, unhandledPromptBehavior: dismiss and notify, webauthn:extension:largeBlob: true, webauthn:virtualAuthenticators: true}
Session ID: 1b80ac64dbac793ec705faa264a83df1
*** Element info: {Using=xpath, value=//input[@id='user_email']}]]>
            </message>
            <full-stacktrace>
              <![CDATA[org.openqa.selenium.NoSuchElementException: no such element: Unable to locate element: {"method":"xpath","selector":"//input[@id='user_email']"}
  (Session info: chrome=90.0.4430.93)
For documentation on this error, please visit: https://www.seleniumhq.org/exceptions/no_such_element.html
Build info: version: '3.141.59', revision: 'e82be7d358', time: '2018-11-14T08:17:03'
System info: host: 'DESKTOP-D1N0APU', ip: '192.168.139.217', os.name: 'Windows 10', os.arch: 'amd64', os.version: '10.0', java.version: '15.0.2'
Driver info: org.openqa.selenium.chrome.ChromeDriver
Capabilities {acceptInsecureCerts: false, browserName: chrome, browserVersion: 90.0.4430.93, chrome: {chromedriverVersion: 90.0.4430.24 (4c6d850f087da..., userDataDir: C:\Users\heman\AppData\Loca...}, goog:chromeOptions: {debuggerAddress: localhost:51093}, javascriptEnabled: true, networkConnectionEnabled: false, pageLoadStrategy: normal, platform: WINDOWS, platformName: WINDOWS, proxy: Proxy(), setWindowRect: true, strictFileInteractability: false, timeouts: {implicit: 0, pageLoad: 300000, script: 30000}, unhandledPromptBehavior: dismiss and notify, webauthn:extension:largeBlob: true, webauthn:virtualAuthenticators: true}
Session ID: 1b80ac64dbac793ec705faa264a83df1
*** Element info: {Using=xpath, value=//input[@id='user_email']}
at java.base/jdk.internal.reflect.NativeConstructorAccessorImpl.newInstance0(Native Method)
at java.base/jdk.internal.reflect.NativeConstructorAccessorImpl.newInstance(NativeConstructorAccessorImpl.java:64)
at java.base/jdk.internal.reflect.DelegatingConstructorAccessorImpl.newInstance(DelegatingConstructorAccessorImpl.java:45)
at java.base/java.lang.reflect.Constructor.newInstanceWithCaller(Constructor.java:500)
at java.base/java.lang.reflect.Constructor.newInstance(Constructor.java:481)
at org.openqa.selenium.remote.http.W3CHttpResponseCodec.createException(W3CHttpResponseCodec.java:187)
at org.openqa.selenium.remote.http.W3CHttpResponseCodec.decode(W3CHttpResponseCodec.java:122)
at org.openqa.selenium.remote.http.W3CHttpResponseCodec.decode(W3CHttpResponseCodec.java:49)
at org.openqa.selenium.remote.HttpCommandExecutor.execute(HttpCommandExecutor.java:158)
at org.openqa.selenium.remote.service.DriverCommandExecutor.execute(DriverCommandExecutor.java:83)
at org.openqa.selenium.remote.RemoteWebDriver.execute(RemoteWebDriver.java:552)
at org.openqa.selenium.remote.RemoteWebDriver.findElement(RemoteWebDriver.java:323)
at org.openqa.selenium.remote.RemoteWebDriver.findElementByXPath(RemoteWebDriver.java:428)
at org.openqa.selenium.By$ByXPath.findElement(By.java:353)
at org.openqa.selenium.remote.RemoteWebDriver.findElement(RemoteWebDriver.java:315)
at pageObjects.LoginPage.getemailID(LoginPage.java:24)
at Hemanth.HomePage.basePageNavigation(HomePage.java:42)
at java.base/jdk.internal.reflect.NativeMethodAccessorImpl.invoke0(Native Method)
at java.base/jdk.internal.reflect.NativeMethodAccessorImpl.invoke(NativeMethodAccessorImpl.java:64)
at java.base/jdk.internal.reflect.DelegatingMethodAccessorImpl.invoke(DelegatingMethodAccessorImpl.java:43)
at java.base/java.lang.reflect.Method.invoke(Method.java:564)
at org.testng.internal.MethodInvocationHelper.invokeMethod(MethodInvocationHelper.java:133)
at org.testng.internal.TestInvoker.invokeMethod(TestInvoker.java:598)
at org.testng.internal.TestInvoker.invokeTestMethod(TestInvoker.java:173)
at org.testng.internal.MethodRunner.runInSequence(MethodRunner.java:46)
at org.testng.internal.TestInvoker$MethodInvocationAgent.invoke(TestInvoker.java:824)
at org.testng.internal.TestInvoker.invokeTestMethods(TestInvoker.java:146)
at org.testng.internal.TestMethodWorker.invokeTestMethods(TestMethodWorker.java:146)
at org.testng.internal.TestMethodWorker.run(TestMethodWorker.java:128)
at java.base/java.util.ArrayList.forEach(ArrayList.java:1511)
at org.testng.TestRunner.privateRun(TestRunner.java:794)
at org.testng.TestRunner.run(TestRunner.java:596)
at org.testng.SuiteRunner.runTest(SuiteRunner.java:377)
at org.testng.SuiteRunner.access$000(SuiteRunner.java:28)
at org.testng.SuiteRunner$SuiteWorker.run(SuiteRunner.java:418)
at org.testng.internal.thread.ThreadUtil.lambda$execute$0(ThreadUtil.java:64)
at java.base/java.util.concurrent.FutureTask.run(FutureTask.java:264)
at java.base/java.util.concurrent.ThreadPoolExecutor.runWorker(ThreadPoolExecutor.java:1130)
at java.base/java.util.concurrent.ThreadPoolExecutor$Worker.run(ThreadPoolExecutor.java:630)
at java.base/java.lang.Thread.run(Thread.java:832)
]]>
            </full-stacktrace>
          </exception> <!-- org.openqa.selenium.NoSuchElementException -->
          <reporter-output>
          </reporter-output>
        </test-method> <!-- basePageNavigation -->
        <test-method is-config="true" signature="closeBrowser()[pri:0, instance:Hemanth.HomePage@aa22f1c]" started-at="2021-05-16T08:55:35 IST" name="closeBrowser" finished-at="2021-05-16T08:55:36 IST" duration-ms="757" status="PASS">
          <reporter-output>
          </reporter-output>
        </test-method> <!-- closeBrowser -->
      </class> <!-- Hemanth.HomePage -->
    </test> <!-- Test -->
  </suite> <!-- Suite -->
</testng-results>
